2021/06/23 23:44:26.006	[34mINFO[0m	task/task.go:9	åˆå§‹åŒ–å®šæ—¶ä»»åŠ¡
2021/06/23 23:44:35.006	[34mINFO[0m	core/webServer.go:146	Shutdown Server ...
2021/06/23 23:44:35.006	[34mINFO[0m	core/webServer.go:154	Server exiting
2021/06/23 23:44:35.006	[35mDEBUG[0m	learning-go/main.go:46	ç”¨æˆ·ID: 1, ç”¨æˆ·åï¼šæŽå››
2021/06/23 23:44:35.006	[35mDEBUG[0m	learning-go/main.go:49	ç”¨æˆ·ID: 12, ç”¨æˆ·åï¼šæŽå››äº”
2021/06/23 23:44:39.006	[34mINFO[0m	task/task.go:9	åˆå§‹åŒ–å®šæ—¶ä»»åŠ¡
2021/06/23 23:44:42.006	[35mDEBUG[0m	endpoint/authorization.go:23	è¿›å…¥åˆ°GenerateAcessTokenæ–¹æ³•
2021/06/23 23:44:42.006	[34mINFO[0m	endpoint/authorization.go:99	ç”¨æˆ·åï¼šå¼ ä¸‰, ID: 1000001
2021/06/23 23:44:42.006	[34mINFO[0m	endpoint/authorization.go:102	Token: &{ %!s(*jwt.SigningMethodHMAC=&{HS256 5}) map[alg:HS256 typ:JWT] {å¼ ä¸‰ 1000001 { %!s(int64=1624466682)  %!s(int64=0) golang-in-action %!s(int64=0) }}  %!s(bool=false)}
2021/06/23 23:44:42.006	[35mDEBUG[0m	core/webServer.go:168	the request URL /v1/oauth/token cost 801.477Âµs
2021/06/23 23:44:42.006	[34mINFO[0m	zap@v0.0.1/zap.go:46	/v1/oauth/token	{"status": 200, "method": "POST", "path": "/v1/oauth/token", "query": "", "ip": "::1", "user-agent": "PostmanRuntime/7.28.0", "time": "2021-06-23T15:44:42Z", "latency": 0.000845958}
2021/06/23 23:45:39.006	[35mDEBUG[0m	task/task.go:16	====================>>>>
2021/06/23 23:45:39.006	[34mINFO[0m	task/hostMonitor.go:22	{"cpu":0,"vendorId":"GenuineIntel","family":"6","model":"69","stepping":1,"physicalId":"0","coreId":"0","cores":1,"modelName":"Intel(R) Core(TM) i5-4210U CPU @ 1.70GHz","mhz":2700,"cacheSize":3072,"flags":["fpu","vme","de","pse","tsc","msr","pae","mce","cx8","apic","sep","mtrr","pge","mca","cmov","pat","pse36","clflush","dts","acpi","mmx","fxsr","sse","sse2","ss","ht","tm","pbe","syscall","nx","pdpe1gb","rdtscp","lm","constant_tsc","arch_perfmon","pebs","bts","rep_good","nopl","xtopology","nonstop_tsc","cpuid","aperfmperf","pni","pclmulqdq","dtes64","monitor","ds_cpl","vmx","est","tm2","ssse3","sdbg","fma","cx16","xtpr","pdcm","pcid","sse4_1","sse4_2","movbe","popcnt","tsc_deadline_timer","xsave","avx","f16c","rdrand","lahf_lm","abm","cpuid_fault","epb","invpcid_single","pti","ssbd","ibrs","ibpb","stibp","tpr_shadow","vnmi","flexpriority","ept","vpid","ept_ad","fsgsbase","tsc_adjust","bmi1","avx2","smep","bmi2","erms","invpcid","xsaveopt","dtherm","ida","arat","pln","pts","md_clear","flush_l1d"],"microcode":"0x26"}
2021/06/23 23:45:39.006	[34mINFO[0m	task/hostMonitor.go:22	{"cpu":1,"vendorId":"GenuineIntel","family":"6","model":"69","stepping":1,"physicalId":"0","coreId":"0","cores":1,"modelName":"Intel(R) Core(TM) i5-4210U CPU @ 1.70GHz","mhz":2700,"cacheSize":3072,"flags":["fpu","vme","de","pse","tsc","msr","pae","mce","cx8","apic","sep","mtrr","pge","mca","cmov","pat","pse36","clflush","dts","acpi","mmx","fxsr","sse","sse2","ss","ht","tm","pbe","syscall","nx","pdpe1gb","rdtscp","lm","constant_tsc","arch_perfmon","pebs","bts","rep_good","nopl","xtopology","nonstop_tsc","cpuid","aperfmperf","pni","pclmulqdq","dtes64","monitor","ds_cpl","vmx","est","tm2","ssse3","sdbg","fma","cx16","xtpr","pdcm","pcid","sse4_1","sse4_2","movbe","popcnt","tsc_deadline_timer","xsave","avx","f16c","rdrand","lahf_lm","abm","cpuid_fault","epb","invpcid_single","pti","ssbd","ibrs","ibpb","stibp","tpr_shadow","vnmi","flexpriority","ept","vpid","ept_ad","fsgsbase","tsc_adjust","bmi1","avx2","smep","bmi2","erms","invpcid","xsaveopt","dtherm","ida","arat","pln","pts","md_clear","flush_l1d"],"microcode":"0x26"}
2021/06/23 23:45:39.006	[34mINFO[0m	task/hostMonitor.go:22	{"cpu":2,"vendorId":"GenuineIntel","family":"6","model":"69","stepping":1,"physicalId":"0","coreId":"1","cores":1,"modelName":"Intel(R) Core(TM) i5-4210U CPU @ 1.70GHz","mhz":2700,"cacheSize":3072,"flags":["fpu","vme","de","pse","tsc","msr","pae","mce","cx8","apic","sep","mtrr","pge","mca","cmov","pat","pse36","clflush","dts","acpi","mmx","fxsr","sse","sse2","ss","ht","tm","pbe","syscall","nx","pdpe1gb","rdtscp","lm","constant_tsc","arch_perfmon","pebs","bts","rep_good","nopl","xtopology","nonstop_tsc","cpuid","aperfmperf","pni","pclmulqdq","dtes64","monitor","ds_cpl","vmx","est","tm2","ssse3","sdbg","fma","cx16","xtpr","pdcm","pcid","sse4_1","sse4_2","movbe","popcnt","tsc_deadline_timer","xsave","avx","f16c","rdrand","lahf_lm","abm","cpuid_fault","epb","invpcid_single","pti","ssbd","ibrs","ibpb","stibp","tpr_shadow","vnmi","flexpriority","ept","vpid","ept_ad","fsgsbase","tsc_adjust","bmi1","avx2","smep","bmi2","erms","invpcid","xsaveopt","dtherm","ida","arat","pln","pts","md_clear","flush_l1d"],"microcode":"0x26"}
2021/06/23 23:45:39.006	[34mINFO[0m	task/hostMonitor.go:22	{"cpu":3,"vendorId":"GenuineIntel","family":"6","model":"69","stepping":1,"physicalId":"0","coreId":"1","cores":1,"modelName":"Intel(R) Core(TM) i5-4210U CPU @ 1.70GHz","mhz":2700,"cacheSize":3072,"flags":["fpu","vme","de","pse","tsc","msr","pae","mce","cx8","apic","sep","mtrr","pge","mca","cmov","pat","pse36","clflush","dts","acpi","mmx","fxsr","sse","sse2","ss","ht","tm","pbe","syscall","nx","pdpe1gb","rdtscp","lm","constant_tsc","arch_perfmon","pebs","bts","rep_good","nopl","xtopology","nonstop_tsc","cpuid","aperfmperf","pni","pclmulqdq","dtes64","monitor","ds_cpl","vmx","est","tm2","ssse3","sdbg","fma","cx16","xtpr","pdcm","pcid","sse4_1","sse4_2","movbe","popcnt","tsc_deadline_timer","xsave","avx","f16c","rdrand","lahf_lm","abm","cpuid_fault","epb","invpcid_single","pti","ssbd","ibrs","ibpb","stibp","tpr_shadow","vnmi","flexpriority","ept","vpid","ept_ad","fsgsbase","tsc_adjust","bmi1","avx2","smep","bmi2","erms","invpcid","xsaveopt","dtherm","ida","arat","pln","pts","md_clear","flush_l1d"],"microcode":"0x26"}
2021/06/23 23:45:40.006	[34mINFO[0m	task/hostMonitor.go:26	cpu percent:[5.0761421319767654]
2021/06/23 23:45:40.006	[34mINFO[0m	task/hostMonitor.go:32	CPU load:{"load1":0.85,"load5":1.33,"load15":1.53}
2021/06/23 23:45:40.006	[34mINFO[0m	task/hostMonitor.go:38	mem info:{"total":8024186880,"available":2594226176,"used":4604563456,"usedPercent":57.38355206403168,"free":1136250880,"active":1659052032,"inactive":4793987072,"wired":0,"laundry":0,"buffers":82386944,"cached":2200985600,"writeback":0,"dirty":90112,"writebacktmp":0,"shared":652644352,"slab":192425984,"sreclaimable":110063616,"sunreclaim":82362368,"pagetables":50614272,"swapcached":552960,"commitlimit":13461016576,"committedas":14149033984,"hightotal":0,"highfree":0,"lowtotal":0,"lowfree":0,"swaptotal":9448923136,"swapfree":9432408064,"mapped":929968128,"vmalloctotal":35184372087808,"vmallocused":46698496,"vmallocchunk":0,"hugepagestotal":0,"hugepagesfree":0,"hugepagesize":2097152}
2021/06/23 23:45:40.006	[34mINFO[0m	task/hostMonitor.go:44	host info:{"hostname":"X240-Manjaro","uptime":4057,"bootTime":1624459084,"procs":219,"os":"linux","platform":"arch","platformFamily":"arch","platformVersion":"21.0.7","kernelVersion":"5.9.16-1-MANJARO","kernelArch":"x86_64","virtualizationSystem":"kvm","virtualizationRole":"host","hostid":"2324ca3b-fc01-4f61-a585-a7d74836a3ec"} uptime:4057 boottime:1624459084
2021/06/23 23:45:40.006	[34mINFO[0m	task/hostMonitor.go:55	part:{"device":"proc","mountpoint":"/proc","fstype":"proc","opts":"rw,nosuid,nodev,noexec,relatime"}

2021/06/23 23:45:40.006	[34mINFO[0m	task/hostMonitor.go:57	disk info:used:0 free:0
2021/06/23 23:45:40.006	[34mINFO[0m	task/hostMonitor.go:55	part:{"device":"sys","mountpoint":"/sys","fstype":"sysfs","opts":"rw,nosuid,nodev,noexec,relatime"}

2021/06/23 23:45:40.006	[34mINFO[0m	task/hostMonitor.go:57	disk info:used:0 free:0
2021/06/23 23:45:40.006	[34mINFO[0m	task/hostMonitor.go:55	part:{"device":"dev","mountpoint":"/dev","fstype":"devtmpfs","opts":"rw,nosuid,relatime"}

2021/06/23 23:45:40.006	[34mINFO[0m	task/hostMonitor.go:57	disk info:used:0 free:4002603008
2021/06/23 23:45:40.006	[34mINFO[0m	task/hostMonitor.go:55	part:{"device":"run","mountpoint":"/run","fstype":"tmpfs","opts":"rw,nosuid,nodev,relatime"}

2021/06/23 23:45:40.006	[34mINFO[0m	task/hostMonitor.go:57	disk info:used:0.03899889230894882 free:4010528768
2021/06/23 23:45:40.006	[34mINFO[0m	task/hostMonitor.go:55	part:{"device":"/dev/sdb1","mountpoint":"/","fstype":"ext4","opts":"rw,noatime"}

2021/06/23 23:45:40.006	[34mINFO[0m	task/hostMonitor.go:57	disk info:used:19.28501634873193 free:88980037632
2021/06/23 23:45:40.006	[34mINFO[0m	task/hostMonitor.go:55	part:{"device":"securityfs","mountpoint":"/sys/kernel/security","fstype":"securityfs","opts":"rw,nosuid,nodev,noexec,relatime"}

2021/06/23 23:45:40.006	[34mINFO[0m	task/hostMonitor.go:57	disk info:used:0 free:0
2021/06/23 23:45:40.006	[34mINFO[0m	task/hostMonitor.go:55	part:{"device":"tmpfs","mountpoint":"/dev/shm","fstype":"tmpfs","opts":"rw,nosuid,nodev"}

2021/06/23 23:45:40.006	[34mINFO[0m	task/hostMonitor.go:57	disk info:used:0.8247959449319306 free:3979001856
2021/06/23 23:45:40.006	[34mINFO[0m	task/hostMonitor.go:55	part:{"device":"devpts","mountpoint":"/dev/pts","fstype":"devpts","opts":"rw,nosuid,noexec,relatime"}

2021/06/23 23:45:40.006	[34mINFO[0m	task/hostMonitor.go:57	disk info:used:0 free:0
2021/06/23 23:45:40.006	[34mINFO[0m	task/hostMonitor.go:55	part:{"device":"cgroup2","mountpoint":"/sys/fs/cgroup","fstype":"cgroup2","opts":"rw,nosuid,nodev,noexec,relatime"}

2021/06/23 23:45:40.006	[34mINFO[0m	task/hostMonitor.go:57	disk info:used:0 free:0
2021/06/23 23:45:40.006	[34mINFO[0m	task/hostMonitor.go:55	part:{"device":"pstore","mountpoint":"/sys/fs/pstore","fstype":"pstore","opts":"rw,nosuid,nodev,noexec,relatime"}

2021/06/23 23:45:40.006	[34mINFO[0m	task/hostMonitor.go:57	disk info:used:0 free:0
2021/06/23 23:45:40.006	[34mINFO[0m	task/hostMonitor.go:55	part:{"device":"none","mountpoint":"/sys/fs/bpf","fstype":"bpf","opts":"rw,nosuid,nodev,noexec,relatime"}

2021/06/23 23:45:40.006	[34mINFO[0m	task/hostMonitor.go:57	disk info:used:0 free:0
2021/06/23 23:45:40.006	[34mINFO[0m	task/hostMonitor.go:55	part:{"device":"systemd-1","mountpoint":"/proc/sys/fs/binfmt_misc","fstype":"autofs","opts":"rw,relatime"}

2021/06/23 23:45:40.006	[34mINFO[0m	task/hostMonitor.go:57	disk info:used:0 free:0
2021/06/23 23:45:40.006	[34mINFO[0m	task/hostMonitor.go:55	part:{"device":"hugetlbfs","mountpoint":"/dev/hugepages","fstype":"hugetlbfs","opts":"rw,relatime"}

2021/06/23 23:45:40.006	[34mINFO[0m	task/hostMonitor.go:57	disk info:used:0 free:0
2021/06/23 23:45:40.006	[34mINFO[0m	task/hostMonitor.go:55	part:{"device":"mqueue","mountpoint":"/dev/mqueue","fstype":"mqueue","opts":"rw,nosuid,nodev,noexec,relatime"}

2021/06/23 23:45:40.006	[34mINFO[0m	task/hostMonitor.go:57	disk info:used:0 free:0
2021/06/23 23:45:40.006	[34mINFO[0m	task/hostMonitor.go:55	part:{"device":"debugfs","mountpoint":"/sys/kernel/debug","fstype":"debugfs","opts":"rw,nosuid,nodev,noexec,relatime"}

2021/06/23 23:45:40.006	[34mINFO[0m	task/hostMonitor.go:57	disk info:used:0 free:0
2021/06/23 23:45:40.006	[34mINFO[0m	task/hostMonitor.go:55	part:{"device":"tracefs","mountpoint":"/sys/kernel/tracing","fstype":"tracefs","opts":"rw,nosuid,nodev,noexec,relatime"}

2021/06/23 23:45:40.006	[34mINFO[0m	task/hostMonitor.go:57	disk info:used:0 free:0
2021/06/23 23:45:40.006	[34mINFO[0m	task/hostMonitor.go:55	part:{"device":"binfmt_misc","mountpoint":"/proc/sys/fs/binfmt_misc","fstype":"binfmt_misc","opts":"rw,nosuid,nodev,noexec,relatime"}

2021/06/23 23:45:40.006	[34mINFO[0m	task/hostMonitor.go:57	disk info:used:0 free:0
2021/06/23 23:45:40.006	[34mINFO[0m	task/hostMonitor.go:55	part:{"device":"fusectl","mountpoint":"/sys/fs/fuse/connections","fstype":"fusectl","opts":"rw,nosuid,nodev,noexec,relatime"}

2021/06/23 23:45:40.006	[34mINFO[0m	task/hostMonitor.go:57	disk info:used:0 free:0
2021/06/23 23:45:40.006	[34mINFO[0m	task/hostMonitor.go:55	part:{"device":"configfs","mountpoint":"/sys/kernel/config","fstype":"configfs","opts":"rw,nosuid,nodev,noexec,relatime"}

2021/06/23 23:45:40.006	[34mINFO[0m	task/hostMonitor.go:57	disk info:used:0 free:0
2021/06/23 23:45:40.006	[34mINFO[0m	task/hostMonitor.go:55	part:{"device":"tmpfs","mountpoint":"/tmp","fstype":"tmpfs","opts":"rw,noatime"}

2021/06/23 23:45:40.006	[34mINFO[0m	task/hostMonitor.go:57	disk info:used:3.0140426639714555 free:3891167232
2021/06/23 23:45:40.006	[34mINFO[0m	task/hostMonitor.go:55	part:{"device":"/dev/sda1","mountpoint":"/home/zongwei/data","fstype":"fuseblk","opts":"rw,nosuid,nodev,noatime"}

2021/06/23 23:45:40.006	[34mINFO[0m	task/hostMonitor.go:57	disk info:used:41.35102977275284 free:146656505856
2021/06/23 23:45:40.006	[34mINFO[0m	task/hostMonitor.go:55	part:{"device":"tmpfs","mountpoint":"/run/user/1000","fstype":"tmpfs","opts":"rw,nosuid,nodev,relatime"}

2021/06/23 23:45:40.006	[34mINFO[0m	task/hostMonitor.go:57	disk info:used:0.010209134112290267 free:802336768
2021/06/23 23:45:40.006	[34mINFO[0m	task/hostMonitor.go:55	part:{"device":"gvfsd-fuse","mountpoint":"/run/user/1000/gvfs","fstype":"fuse.gvfsd-fuse","opts":"rw,nosuid,nodev,relatime"}

2021/06/23 23:45:40.006	[34mINFO[0m	task/hostMonitor.go:57	disk info:used:0 free:0
2021/06/23 23:45:40.006	[34mINFO[0m	task/hostMonitor.go:55	part:{"device":"overlay","mountpoint":"/var/lib/docker/overlay2/3c76e084bbb96cdcdc9fd9577315146394808b028255ccaf6b87d74d0eb0c12d/merged","fstype":"overlay","opts":"rw,relatime"}

2021/06/23 23:45:40.006	[34mINFO[0m	task/hostMonitor.go:57	disk info:used:19.285020064268377 free:88980033536
2021/06/23 23:45:40.006	[34mINFO[0m	task/hostMonitor.go:55	part:{"device":"nsfs","mountpoint":"/run/docker/netns/eb7a31c2991c","fstype":"nsfs","opts":"bind,rw"}

2021/06/23 23:46:56.006	[34mINFO[0m	task/task.go:9	åˆå§‹åŒ–å®šæ—¶ä»»åŠ¡
2021/06/23 23:46:59.006	[35mDEBUG[0m	core/webServer.go:168	the request URL /api-docs/swagger/index.html cost 278.734Âµs
2021/06/23 23:46:59.006	[34mINFO[0m	zap@v0.0.1/zap.go:46	/api-docs/swagger/index.html	{"status": 200, "method": "GET", "path": "/api-docs/swagger/index.html", "query": "", "ip": "127.0.0.1", "user-agent": "Mozilla/5.0 (X11; Linux x86_64; rv:89.0) Gecko/20100101 Firefox/89.0", "time": "2021-06-23T15:46:59Z", "latency": 0.00034559}
2021/06/23 23:46:59.006	[35mDEBUG[0m	core/webServer.go:168	the request URL /api-docs/swagger/swagger-ui.css cost 214.738Âµs
2021/06/23 23:46:59.006	[34mINFO[0m	zap@v0.0.1/zap.go:46	/api-docs/swagger/swagger-ui.css	{"status": 200, "method": "GET", "path": "/api-docs/swagger/swagger-ui.css", "query": "", "ip": "127.0.0.1", "user-agent": "Mozilla/5.0 (X11; Linux x86_64; rv:89.0) Gecko/20100101 Firefox/89.0", "time": "2021-06-23T15:46:59Z", "latency": 0.000344327}
2021/06/23 23:46:59.006	[35mDEBUG[0m	core/webServer.go:168	the request URL /api-docs/swagger/swagger-ui-bundle.js cost 4.36174ms
2021/06/23 23:46:59.006	[34mINFO[0m	zap@v0.0.1/zap.go:46	/api-docs/swagger/swagger-ui-bundle.js	{"status": 200, "method": "GET", "path": "/api-docs/swagger/swagger-ui-bundle.js", "query": "", "ip": "127.0.0.1", "user-agent": "Mozilla/5.0 (X11; Linux x86_64; rv:89.0) Gecko/20100101 Firefox/89.0", "time": "2021-06-23T15:46:59Z", "latency": 0.004505196}
2021/06/23 23:46:59.006	[35mDEBUG[0m	core/webServer.go:168	the request URL /api-docs/swagger/swagger-ui-standalone-preset.js cost 405.248Âµs
2021/06/23 23:46:59.006	[34mINFO[0m	zap@v0.0.1/zap.go:46	/api-docs/swagger/swagger-ui-standalone-preset.js	{"status": 200, "method": "GET", "path": "/api-docs/swagger/swagger-ui-standalone-preset.js", "query": "", "ip": "127.0.0.1", "user-agent": "Mozilla/5.0 (X11; Linux x86_64; rv:89.0) Gecko/20100101 Firefox/89.0", "time": "2021-06-23T15:46:59Z", "latency": 0.000462287}
2021/06/23 23:47:01.006	[35mDEBUG[0m	core/webServer.go:168	the request URL /api-docs/swagger/favicon-16x16.png cost 15.27048ms
2021/06/23 23:47:01.006	[34mINFO[0m	zap@v0.0.1/zap.go:46	/api-docs/swagger/favicon-16x16.png	{"status": 200, "method": "GET", "path": "/api-docs/swagger/favicon-16x16.png", "query": "", "ip": "127.0.0.1", "user-agent": "Mozilla/5.0 (X11; Linux x86_64; rv:89.0) Gecko/20100101 Firefox/89.0", "time": "2021-06-23T15:47:01Z", "latency": 0.015363294}
2021/06/23 23:47:01.006	[35mDEBUG[0m	core/webServer.go:168	the request URL /api-docs/swagger/doc.json cost 481.443Âµs
2021/06/23 23:47:01.006	[34mINFO[0m	zap@v0.0.1/zap.go:46	/api-docs/swagger/doc.json	{"status": 200, "method": "GET", "path": "/api-docs/swagger/doc.json", "query": "", "ip": "127.0.0.1", "user-agent": "Mozilla/5.0 (X11; Linux x86_64; rv:89.0) Gecko/20100101 Firefox/89.0", "time": "2021-06-23T15:47:01Z", "latency": 0.000572599}
2021/06/23 23:47:16.006	[35mDEBUG[0m	core/webServer.go:168	the request URL /v1/oauth/token/validate cost 20.672Âµs
2021/06/23 23:47:16.006	[34mINFO[0m	zap@v0.0.1/zap.go:46	/v1/oauth/token/validate	{"status": 401, "method": "GET", "path": "/v1/oauth/token/validate", "query": "", "ip": "127.0.0.1", "user-agent": "Mozilla/5.0 (X11; Linux x86_64; rv:89.0) Gecko/20100101 Firefox/89.0", "time": "2021-06-23T15:47:16Z", "latency": 0.000097203}
2021/06/23 23:47:56.006	[35mDEBUG[0m	task/task.go:16	====================>>>>
2021/06/23 23:47:56.006	[34mINFO[0m	task/hostMonitor.go:22	{"cpu":0,"vendorId":"GenuineIntel","family":"6","model":"69","stepping":1,"physicalId":"0","coreId":"0","cores":1,"modelName":"Intel(R) Core(TM) i5-4210U CPU @ 1.70GHz","mhz":2700,"cacheSize":3072,"flags":["fpu","vme","de","pse","tsc","msr","pae","mce","cx8","apic","sep","mtrr","pge","mca","cmov","pat","pse36","clflush","dts","acpi","mmx","fxsr","sse","sse2","ss","ht","tm","pbe","syscall","nx","pdpe1gb","rdtscp","lm","constant_tsc","arch_perfmon","pebs","bts","rep_good","nopl","xtopology","nonstop_tsc","cpuid","aperfmperf","pni","pclmulqdq","dtes64","monitor","ds_cpl","vmx","est","tm2","ssse3","sdbg","fma","cx16","xtpr","pdcm","pcid","sse4_1","sse4_2","movbe","popcnt","tsc_deadline_timer","xsave","avx","f16c","rdrand","lahf_lm","abm","cpuid_fault","epb","invpcid_single","pti","ssbd","ibrs","ibpb","stibp","tpr_shadow","vnmi","flexpriority","ept","vpid","ept_ad","fsgsbase","tsc_adjust","bmi1","avx2","smep","bmi2","erms","invpcid","xsaveopt","dtherm","ida","arat","pln","pts","md_clear","flush_l1d"],"microcode":"0x26"}
2021/06/23 23:47:56.006	[34mINFO[0m	task/hostMonitor.go:22	{"cpu":1,"vendorId":"GenuineIntel","family":"6","model":"69","stepping":1,"physicalId":"0","coreId":"0","cores":1,"modelName":"Intel(R) Core(TM) i5-4210U CPU @ 1.70GHz","mhz":2700,"cacheSize":3072,"flags":["fpu","vme","de","pse","tsc","msr","pae","mce","cx8","apic","sep","mtrr","pge","mca","cmov","pat","pse36","clflush","dts","acpi","mmx","fxsr","sse","sse2","ss","ht","tm","pbe","syscall","nx","pdpe1gb","rdtscp","lm","constant_tsc","arch_perfmon","pebs","bts","rep_good","nopl","xtopology","nonstop_tsc","cpuid","aperfmperf","pni","pclmulqdq","dtes64","monitor","ds_cpl","vmx","est","tm2","ssse3","sdbg","fma","cx16","xtpr","pdcm","pcid","sse4_1","sse4_2","movbe","popcnt","tsc_deadline_timer","xsave","avx","f16c","rdrand","lahf_lm","abm","cpuid_fault","epb","invpcid_single","pti","ssbd","ibrs","ibpb","stibp","tpr_shadow","vnmi","flexpriority","ept","vpid","ept_ad","fsgsbase","tsc_adjust","bmi1","avx2","smep","bmi2","erms","invpcid","xsaveopt","dtherm","ida","arat","pln","pts","md_clear","flush_l1d"],"microcode":"0x26"}
2021/06/23 23:47:56.006	[34mINFO[0m	task/hostMonitor.go:22	{"cpu":2,"vendorId":"GenuineIntel","family":"6","model":"69","stepping":1,"physicalId":"0","coreId":"1","cores":1,"modelName":"Intel(R) Core(TM) i5-4210U CPU @ 1.70GHz","mhz":2700,"cacheSize":3072,"flags":["fpu","vme","de","pse","tsc","msr","pae","mce","cx8","apic","sep","mtrr","pge","mca","cmov","pat","pse36","clflush","dts","acpi","mmx","fxsr","sse","sse2","ss","ht","tm","pbe","syscall","nx","pdpe1gb","rdtscp","lm","constant_tsc","arch_perfmon","pebs","bts","rep_good","nopl","xtopology","nonstop_tsc","cpuid","aperfmperf","pni","pclmulqdq","dtes64","monitor","ds_cpl","vmx","est","tm2","ssse3","sdbg","fma","cx16","xtpr","pdcm","pcid","sse4_1","sse4_2","movbe","popcnt","tsc_deadline_timer","xsave","avx","f16c","rdrand","lahf_lm","abm","cpuid_fault","epb","invpcid_single","pti","ssbd","ibrs","ibpb","stibp","tpr_shadow","vnmi","flexpriority","ept","vpid","ept_ad","fsgsbase","tsc_adjust","bmi1","avx2","smep","bmi2","erms","invpcid","xsaveopt","dtherm","ida","arat","pln","pts","md_clear","flush_l1d"],"microcode":"0x26"}
2021/06/23 23:47:56.006	[34mINFO[0m	task/hostMonitor.go:22	{"cpu":3,"vendorId":"GenuineIntel","family":"6","model":"69","stepping":1,"physicalId":"0","coreId":"1","cores":1,"modelName":"Intel(R) Core(TM) i5-4210U CPU @ 1.70GHz","mhz":2700,"cacheSize":3072,"flags":["fpu","vme","de","pse","tsc","msr","pae","mce","cx8","apic","sep","mtrr","pge","mca","cmov","pat","pse36","clflush","dts","acpi","mmx","fxsr","sse","sse2","ss","ht","tm","pbe","syscall","nx","pdpe1gb","rdtscp","lm","constant_tsc","arch_perfmon","pebs","bts","rep_good","nopl","xtopology","nonstop_tsc","cpuid","aperfmperf","pni","pclmulqdq","dtes64","monitor","ds_cpl","vmx","est","tm2","ssse3","sdbg","fma","cx16","xtpr","pdcm","pcid","sse4_1","sse4_2","movbe","popcnt","tsc_deadline_timer","xsave","avx","f16c","rdrand","lahf_lm","abm","cpuid_fault","epb","invpcid_single","pti","ssbd","ibrs","ibpb","stibp","tpr_shadow","vnmi","flexpriority","ept","vpid","ept_ad","fsgsbase","tsc_adjust","bmi1","avx2","smep","bmi2","erms","invpcid","xsaveopt","dtherm","ida","arat","pln","pts","md_clear","flush_l1d"],"microcode":"0x26"}
2021/06/23 23:47:57.006	[34mINFO[0m	task/hostMonitor.go:26	cpu percent:[4.04040404041274]
2021/06/23 23:47:57.006	[34mINFO[0m	task/hostMonitor.go:32	CPU load:{"load1":1.22,"load5":1.27,"load15":1.47}
2021/06/23 23:47:57.006	[34mINFO[0m	task/hostMonitor.go:38	mem info:{"total":8024186880,"available":2455687168,"used":4718043136,"usedPercent":58.7977723669367,"free":890986496,"active":1744474112,"inactive":4924059648,"wired":0,"laundry":0,"buffers":89776128,"cached":2325381120,"writeback":0,"dirty":1716224,"writebacktmp":0,"shared":667840512,"slab":192708608,"sreclaimable":110149632,"sunreclaim":82558976,"pagetables":51654656,"swapcached":552960,"commitlimit":13461016576,"committedas":14287519744,"hightotal":0,"highfree":0,"lowtotal":0,"lowfree":0,"swaptotal":9448923136,"swapfree":9432408064,"mapped":972374016,"vmalloctotal":35184372087808,"vmallocused":46731264,"vmallocchunk":0,"hugepagestotal":0,"hugepagesfree":0,"hugepagesize":2097152}
2021/06/23 23:47:57.006	[34mINFO[0m	task/hostMonitor.go:44	host info:{"hostname":"X240-Manjaro","uptime":4194,"bootTime":1624459084,"procs":222,"os":"linux","platform":"arch","platformFamily":"arch","platformVersion":"21.0.7","kernelVersion":"5.9.16-1-MANJARO","kernelArch":"x86_64","virtualizationSystem":"kvm","virtualizationRole":"host","hostid":"2324ca3b-fc01-4f61-a585-a7d74836a3ec"} uptime:4194 boottime:1624459084
2021/06/23 23:47:57.006	[34mINFO[0m	task/hostMonitor.go:55	part:{"device":"proc","mountpoint":"/proc","fstype":"proc","opts":"rw,nosuid,nodev,noexec,relatime"}

2021/06/23 23:47:57.006	[34mINFO[0m	task/hostMonitor.go:57	disk info:used:0 free:0
2021/06/23 23:47:57.006	[34mINFO[0m	task/hostMonitor.go:55	part:{"device":"sys","mountpoint":"/sys","fstype":"sysfs","opts":"rw,nosuid,nodev,noexec,relatime"}

2021/06/23 23:47:57.006	[34mINFO[0m	task/hostMonitor.go:57	disk info:used:0 free:0
2021/06/23 23:47:57.006	[34mINFO[0m	task/hostMonitor.go:55	part:{"device":"dev","mountpoint":"/dev","fstype":"devtmpfs","opts":"rw,nosuid,relatime"}

2021/06/23 23:47:57.006	[34mINFO[0m	task/hostMonitor.go:57	disk info:used:0 free:4002603008
2021/06/23 23:47:57.006	[34mINFO[0m	task/hostMonitor.go:55	part:{"device":"run","mountpoint":"/run","fstype":"tmpfs","opts":"rw,nosuid,nodev,relatime"}

2021/06/23 23:47:57.006	[34mINFO[0m	task/hostMonitor.go:57	disk info:used:0.03899889230894882 free:4010528768
2021/06/23 23:47:57.006	[34mINFO[0m	task/hostMonitor.go:55	part:{"device":"/dev/sdb1","mountpoint":"/","fstype":"ext4","opts":"rw,noatime"}

2021/06/23 23:47:57.006	[34mINFO[0m	task/hostMonitor.go:57	disk info:used:19.28846065101995 free:88976240640
2021/06/23 23:47:57.006	[34mINFO[0m	task/hostMonitor.go:55	part:{"device":"securityfs","mountpoint":"/sys/kernel/security","fstype":"securityfs","opts":"rw,nosuid,nodev,noexec,relatime"}

2021/06/23 23:47:57.006	[34mINFO[0m	task/hostMonitor.go:57	disk info:used:0 free:0
2021/06/23 23:47:57.006	[34mINFO[0m	task/hostMonitor.go:55	part:{"device":"tmpfs","mountpoint":"/dev/shm","fstype":"tmpfs","opts":"rw,nosuid,nodev"}

2021/06/23 23:47:57.006	[34mINFO[0m	task/hostMonitor.go:57	disk info:used:0.9097359407461857 free:3975593984
2021/06/23 23:47:57.006	[34mINFO[0m	task/hostMonitor.go:55	part:{"device":"devpts","mountpoint":"/dev/pts","fstype":"devpts","opts":"rw,nosuid,noexec,relatime"}

2021/06/23 23:47:57.006	[34mINFO[0m	task/hostMonitor.go:57	disk info:used:0 free:0
2021/06/23 23:47:57.006	[34mINFO[0m	task/hostMonitor.go:55	part:{"device":"cgroup2","mountpoint":"/sys/fs/cgroup","fstype":"cgroup2","opts":"rw,nosuid,nodev,noexec,relatime"}

2021/06/23 23:47:57.006	[34mINFO[0m	task/hostMonitor.go:57	disk info:used:0 free:0
2021/06/23 23:47:57.006	[34mINFO[0m	task/hostMonitor.go:55	part:{"device":"pstore","mountpoint":"/sys/fs/pstore","fstype":"pstore","opts":"rw,nosuid,nodev,noexec,relatime"}

2021/06/23 23:47:57.006	[34mINFO[0m	task/hostMonitor.go:57	disk info:used:0 free:0
2021/06/23 23:47:57.006	[34mINFO[0m	task/hostMonitor.go:55	part:{"device":"none","mountpoint":"/sys/fs/bpf","fstype":"bpf","opts":"rw,nosuid,nodev,noexec,relatime"}

2021/06/23 23:47:57.006	[34mINFO[0m	task/hostMonitor.go:57	disk info:used:0 free:0
2021/06/23 23:47:57.006	[34mINFO[0m	task/hostMonitor.go:55	part:{"device":"systemd-1","mountpoint":"/proc/sys/fs/binfmt_misc","fstype":"autofs","opts":"rw,relatime"}

2021/06/23 23:47:57.006	[34mINFO[0m	task/hostMonitor.go:57	disk info:used:0 free:0
2021/06/23 23:47:57.006	[34mINFO[0m	task/hostMonitor.go:55	part:{"device":"hugetlbfs","mountpoint":"/dev/hugepages","fstype":"hugetlbfs","opts":"rw,relatime"}

2021/06/23 23:47:57.006	[34mINFO[0m	task/hostMonitor.go:57	disk info:used:0 free:0
2021/06/23 23:47:57.006	[34mINFO[0m	task/hostMonitor.go:55	part:{"device":"mqueue","mountpoint":"/dev/mqueue","fstype":"mqueue","opts":"rw,nosuid,nodev,noexec,relatime"}

2021/06/23 23:47:57.006	[34mINFO[0m	task/hostMonitor.go:57	disk info:used:0 free:0
2021/06/23 23:47:57.006	[34mINFO[0m	task/hostMonitor.go:55	part:{"device":"debugfs","mountpoint":"/sys/kernel/debug","fstype":"debugfs","opts":"rw,nosuid,nodev,noexec,relatime"}

2021/06/23 23:47:57.006	[34mINFO[0m	task/hostMonitor.go:57	disk info:used:0 free:0
2021/06/23 23:47:57.006	[34mINFO[0m	task/hostMonitor.go:55	part:{"device":"tracefs","mountpoint":"/sys/kernel/tracing","fstype":"tracefs","opts":"rw,nosuid,nodev,noexec,relatime"}

2021/06/23 23:47:57.006	[34mINFO[0m	task/hostMonitor.go:57	disk info:used:0 free:0
2021/06/23 23:47:57.006	[34mINFO[0m	task/hostMonitor.go:55	part:{"device":"binfmt_misc","mountpoint":"/proc/sys/fs/binfmt_misc","fstype":"binfmt_misc","opts":"rw,nosuid,nodev,noexec,relatime"}

2021/06/23 23:47:57.006	[34mINFO[0m	task/hostMonitor.go:57	disk info:used:0 free:0
2021/06/23 23:47:57.006	[34mINFO[0m	task/hostMonitor.go:55	part:{"device":"fusectl","mountpoint":"/sys/fs/fuse/connections","fstype":"fusectl","opts":"rw,nosuid,nodev,noexec,relatime"}

2021/06/23 23:47:57.006	[34mINFO[0m	task/hostMonitor.go:57	disk info:used:0 free:0
2021/06/23 23:47:57.006	[34mINFO[0m	task/hostMonitor.go:55	part:{"device":"configfs","mountpoint":"/sys/kernel/config","fstype":"configfs","opts":"rw,nosuid,nodev,noexec,relatime"}

2021/06/23 23:47:57.006	[34mINFO[0m	task/hostMonitor.go:57	disk info:used:0 free:0
2021/06/23 23:47:57.006	[34mINFO[0m	task/hostMonitor.go:55	part:{"device":"tmpfs","mountpoint":"/tmp","fstype":"tmpfs","opts":"rw,noatime"}

2021/06/23 23:47:57.006	[34mINFO[0m	task/hostMonitor.go:57	disk info:used:3.0212911491911814 free:3890876416
2021/06/23 23:47:57.006	[34mINFO[0m	task/hostMonitor.go:55	part:{"device":"/dev/sda1","mountpoint":"/home/zongwei/data","fstype":"fuseblk","opts":"rw,nosuid,nodev,noatime"}

2021/06/23 23:47:57.006	[34mINFO[0m	task/hostMonitor.go:57	disk info:used:41.35102977275284 free:146656505856
2021/06/23 23:47:57.006	[34mINFO[0m	task/hostMonitor.go:55	part:{"device":"tmpfs","mountpoint":"/run/user/1000","fstype":"tmpfs","opts":"rw,nosuid,nodev,relatime"}

2021/06/23 23:47:57.006	[34mINFO[0m	task/hostMonitor.go:57	disk info:used:0.010209134112290267 free:802336768
2021/06/23 23:47:57.006	[34mINFO[0m	task/hostMonitor.go:55	part:{"device":"gvfsd-fuse","mountpoint":"/run/user/1000/gvfs","fstype":"fuse.gvfsd-fuse","opts":"rw,nosuid,nodev,relatime"}

2021/06/23 23:47:57.006	[34mINFO[0m	task/hostMonitor.go:57	disk info:used:0 free:0
2021/06/23 23:47:57.006	[34mINFO[0m	task/hostMonitor.go:55	part:{"device":"overlay","mountpoint":"/var/lib/docker/overlay2/3c76e084bbb96cdcdc9fd9577315146394808b028255ccaf6b87d74d0eb0c12d/merged","fstype":"overlay","opts":"rw,relatime"}

2021/06/23 23:47:57.006	[34mINFO[0m	task/hostMonitor.go:57	disk info:used:19.288468082092848 free:88976232448
2021/06/23 23:47:57.006	[34mINFO[0m	task/hostMonitor.go:55	part:{"device":"nsfs","mountpoint":"/run/docker/netns/eb7a31c2991c","fstype":"nsfs","opts":"bind,rw"}

2021/06/23 23:59:05.006	[34mINFO[0m	task/task.go:9	åˆå§‹åŒ–å®šæ—¶ä»»åŠ¡
2021/06/23 23:59:19.006	[35mDEBUG[0m	core/webServer.go:173	the request URL /debug/pprof/ cost 166.203Âµs
2021/06/23 23:59:19.006	[34mINFO[0m	zap@v0.0.1/zap.go:46	/debug/pprof/	{"status": 200, "method": "GET", "path": "/debug/pprof/", "query": "", "ip": "127.0.0.1", "user-agent": "Mozilla/5.0 (X11; Linux x86_64; rv:89.0) Gecko/20100101 Firefox/89.0", "time": "2021-06-23T15:59:19Z", "latency": 0.000390526}
2021/06/23 23:59:19.006	[35mDEBUG[0m	core/webServer.go:173	the request URL /favicon.ico cost 292ns
2021/06/23 23:59:19.006	[34mINFO[0m	zap@v0.0.1/zap.go:46	/favicon.ico	{"status": 404, "method": "GET", "path": "/favicon.ico", "query": "", "ip": "127.0.0.1", "user-agent": "Mozilla/5.0 (X11; Linux x86_64; rv:89.0) Gecko/20100101 Firefox/89.0", "time": "2021-06-23T15:59:19Z", "latency": 0.00009837}
2021/06/23 23:59:23.006	[35mDEBUG[0m	core/webServer.go:173	the request URL /debug/pprof/heap?debug=1 cost 829.408Âµs
2021/06/23 23:59:23.006	[34mINFO[0m	zap@v0.0.1/zap.go:46	/debug/pprof/heap	{"status": 200, "method": "GET", "path": "/debug/pprof/heap", "query": "debug=1", "ip": "127.0.0.1", "user-agent": "Mozilla/5.0 (X11; Linux x86_64; rv:89.0) Gecko/20100101 Firefox/89.0", "time": "2021-06-23T15:59:23Z", "latency": 0.000937868}
2021/06/23 23:59:28.006	[35mDEBUG[0m	core/webServer.go:173	the request URL /debug/pprof/trace?debug=1 cost 1.00103529s
2021/06/23 23:59:28.006	[34mINFO[0m	zap@v0.0.1/zap.go:46	/debug/pprof/trace	{"status": 200, "method": "GET", "path": "/debug/pprof/trace", "query": "debug=1", "ip": "127.0.0.1", "user-agent": "Mozilla/5.0 (X11; Linux x86_64; rv:89.0) Gecko/20100101 Firefox/89.0", "time": "2021-06-23T15:59:28Z", "latency": 1.001126276}
2021/06/23 23:59:32.006	[35mDEBUG[0m	core/webServer.go:173	the request URL /debug/pprof/goroutine?debug=2 cost 384.404Âµs
2021/06/23 23:59:32.006	[34mINFO[0m	zap@v0.0.1/zap.go:46	/debug/pprof/goroutine	{"status": 200, "method": "GET", "path": "/debug/pprof/goroutine", "query": "debug=2", "ip": "127.0.0.1", "user-agent": "Mozilla/5.0 (X11; Linux x86_64; rv:89.0) Gecko/20100101 Firefox/89.0", "time": "2021-06-23T15:59:32Z", "latency": 0.000468541}
2021/06/23 23:59:37.006	[35mDEBUG[0m	core/webServer.go:173	the request URL /debug/pprof/allocs?debug=1 cost 712.694Âµs
2021/06/23 23:59:37.006	[34mINFO[0m	zap@v0.0.1/zap.go:46	/debug/pprof/allocs	{"status": 200, "method": "GET", "path": "/debug/pprof/allocs", "query": "debug=1", "ip": "127.0.0.1", "user-agent": "Mozilla/5.0 (X11; Linux x86_64; rv:89.0) Gecko/20100101 Firefox/89.0", "time": "2021-06-23T15:59:37Z", "latency": 0.000787498}
2021/06/23 23:59:39.006	[35mDEBUG[0m	core/webServer.go:173	the request URL /debug/pprof/block?debug=1 cost 14.8078ms
2021/06/23 23:59:39.006	[34mINFO[0m	zap@v0.0.1/zap.go:46	/debug/pprof/block	{"status": 200, "method": "GET", "path": "/debug/pprof/block", "query": "debug=1", "ip": "127.0.0.1", "user-agent": "Mozilla/5.0 (X11; Linux x86_64; rv:89.0) Gecko/20100101 Firefox/89.0", "time": "2021-06-23T15:59:39Z", "latency": 0.014916858}
2021/06/23 23:59:42.006	[35mDEBUG[0m	core/webServer.go:173	the request URL /debug/pprof/cmdline?debug=1 cost 11.046Âµs
2021/06/23 23:59:42.006	[34mINFO[0m	zap@v0.0.1/zap.go:46	/debug/pprof/cmdline	{"status": 200, "method": "GET", "path": "/debug/pprof/cmdline", "query": "debug=1", "ip": "127.0.0.1", "user-agent": "Mozilla/5.0 (X11; Linux x86_64; rv:89.0) Gecko/20100101 Firefox/89.0", "time": "2021-06-23T15:59:42Z", "latency": 0.000084544}
2021/06/23 23:59:45.006	[35mDEBUG[0m	core/webServer.go:173	the request URL /debug/pprof/goroutine?debug=1 cost 555.227Âµs
2021/06/23 23:59:45.006	[34mINFO[0m	zap@v0.0.1/zap.go:46	/debug/pprof/goroutine	{"status": 200, "method": "GET", "path": "/debug/pprof/goroutine", "query": "debug=1", "ip": "127.0.0.1", "user-agent": "Mozilla/5.0 (X11; Linux x86_64; rv:89.0) Gecko/20100101 Firefox/89.0", "time": "2021-06-23T15:59:45Z", "latency": 0.000619931}
2021/06/24 00:00:03.006	[35mDEBUG[0m	core/webServer.go:173	the request URL /debug/pprof/mutex?debug=1 cost 36.717Âµs
2021/06/24 00:00:03.006	[34mINFO[0m	zap@v0.0.1/zap.go:46	/debug/pprof/mutex	{"status": 200, "method": "GET", "path": "/debug/pprof/mutex", "query": "debug=1", "ip": "127.0.0.1", "user-agent": "Mozilla/5.0 (X11; Linux x86_64; rv:89.0) Gecko/20100101 Firefox/89.0", "time": "2021-06-23T16:00:03Z", "latency": 0.000139844}
2021/06/24 00:00:05.006	[35mDEBUG[0m	task/task.go:16	====================>>>>
2021/06/24 00:00:05.006	[34mINFO[0m	task/hostMonitor.go:22	{"cpu":0,"vendorId":"GenuineIntel","family":"6","model":"69","stepping":1,"physicalId":"0","coreId":"0","cores":1,"modelName":"Intel(R) Core(TM) i5-4210U CPU @ 1.70GHz","mhz":2700,"cacheSize":3072,"flags":["fpu","vme","de","pse","tsc","msr","pae","mce","cx8","apic","sep","mtrr","pge","mca","cmov","pat","pse36","clflush","dts","acpi","mmx","fxsr","sse","sse2","ss","ht","tm","pbe","syscall","nx","pdpe1gb","rdtscp","lm","constant_tsc","arch_perfmon","pebs","bts","rep_good","nopl","xtopology","nonstop_tsc","cpuid","aperfmperf","pni","pclmulqdq","dtes64","monitor","ds_cpl","vmx","est","tm2","ssse3","sdbg","fma","cx16","xtpr","pdcm","pcid","sse4_1","sse4_2","movbe","popcnt","tsc_deadline_timer","xsave","avx","f16c","rdrand","lahf_lm","abm","cpuid_fault","epb","invpcid_single","pti","ssbd","ibrs","ibpb","stibp","tpr_shadow","vnmi","flexpriority","ept","vpid","ept_ad","fsgsbase","tsc_adjust","bmi1","avx2","smep","bmi2","erms","invpcid","xsaveopt","dtherm","ida","arat","pln","pts","md_clear","flush_l1d"],"microcode":"0x26"}
2021/06/24 00:00:05.006	[34mINFO[0m	task/hostMonitor.go:22	{"cpu":1,"vendorId":"GenuineIntel","family":"6","model":"69","stepping":1,"physicalId":"0","coreId":"0","cores":1,"modelName":"Intel(R) Core(TM) i5-4210U CPU @ 1.70GHz","mhz":2700,"cacheSize":3072,"flags":["fpu","vme","de","pse","tsc","msr","pae","mce","cx8","apic","sep","mtrr","pge","mca","cmov","pat","pse36","clflush","dts","acpi","mmx","fxsr","sse","sse2","ss","ht","tm","pbe","syscall","nx","pdpe1gb","rdtscp","lm","constant_tsc","arch_perfmon","pebs","bts","rep_good","nopl","xtopology","nonstop_tsc","cpuid","aperfmperf","pni","pclmulqdq","dtes64","monitor","ds_cpl","vmx","est","tm2","ssse3","sdbg","fma","cx16","xtpr","pdcm","pcid","sse4_1","sse4_2","movbe","popcnt","tsc_deadline_timer","xsave","avx","f16c","rdrand","lahf_lm","abm","cpuid_fault","epb","invpcid_single","pti","ssbd","ibrs","ibpb","stibp","tpr_shadow","vnmi","flexpriority","ept","vpid","ept_ad","fsgsbase","tsc_adjust","bmi1","avx2","smep","bmi2","erms","invpcid","xsaveopt","dtherm","ida","arat","pln","pts","md_clear","flush_l1d"],"microcode":"0x26"}
2021/06/24 00:00:05.006	[34mINFO[0m	task/hostMonitor.go:22	{"cpu":2,"vendorId":"GenuineIntel","family":"6","model":"69","stepping":1,"physicalId":"0","coreId":"1","cores":1,"modelName":"Intel(R) Core(TM) i5-4210U CPU @ 1.70GHz","mhz":2700,"cacheSize":3072,"flags":["fpu","vme","de","pse","tsc","msr","pae","mce","cx8","apic","sep","mtrr","pge","mca","cmov","pat","pse36","clflush","dts","acpi","mmx","fxsr","sse","sse2","ss","ht","tm","pbe","syscall","nx","pdpe1gb","rdtscp","lm","constant_tsc","arch_perfmon","pebs","bts","rep_good","nopl","xtopology","nonstop_tsc","cpuid","aperfmperf","pni","pclmulqdq","dtes64","monitor","ds_cpl","vmx","est","tm2","ssse3","sdbg","fma","cx16","xtpr","pdcm","pcid","sse4_1","sse4_2","movbe","popcnt","tsc_deadline_timer","xsave","avx","f16c","rdrand","lahf_lm","abm","cpuid_fault","epb","invpcid_single","pti","ssbd","ibrs","ibpb","stibp","tpr_shadow","vnmi","flexpriority","ept","vpid","ept_ad","fsgsbase","tsc_adjust","bmi1","avx2","smep","bmi2","erms","invpcid","xsaveopt","dtherm","ida","arat","pln","pts","md_clear","flush_l1d"],"microcode":"0x26"}
2021/06/24 00:00:05.006	[34mINFO[0m	task/hostMonitor.go:22	{"cpu":3,"vendorId":"GenuineIntel","family":"6","model":"69","stepping":1,"physicalId":"0","coreId":"1","cores":1,"modelName":"Intel(R) Core(TM) i5-4210U CPU @ 1.70GHz","mhz":2700,"cacheSize":3072,"flags":["fpu","vme","de","pse","tsc","msr","pae","mce","cx8","apic","sep","mtrr","pge","mca","cmov","pat","pse36","clflush","dts","acpi","mmx","fxsr","sse","sse2","ss","ht","tm","pbe","syscall","nx","pdpe1gb","rdtscp","lm","constant_tsc","arch_perfmon","pebs","bts","rep_good","nopl","xtopology","nonstop_tsc","cpuid","aperfmperf","pni","pclmulqdq","dtes64","monitor","ds_cpl","vmx","est","tm2","ssse3","sdbg","fma","cx16","xtpr","pdcm","pcid","sse4_1","sse4_2","movbe","popcnt","tsc_deadline_timer","xsave","avx","f16c","rdrand","lahf_lm","abm","cpuid_fault","epb","invpcid_single","pti","ssbd","ibrs","ibpb","stibp","tpr_shadow","vnmi","flexpriority","ept","vpid","ept_ad","fsgsbase","tsc_adjust","bmi1","avx2","smep","bmi2","erms","invpcid","xsaveopt","dtherm","ida","arat","pln","pts","md_clear","flush_l1d"],"microcode":"0x26"}
2021/06/24 00:00:06.006	[34mINFO[0m	task/hostMonitor.go:26	cpu percent:[31.818181818165115]
2021/06/24 00:00:06.006	[34mINFO[0m	task/hostMonitor.go:32	CPU load:{"load1":2.38,"load5":2.08,"load15":1.71}
2021/06/24 00:00:06.006	[34mINFO[0m	task/hostMonitor.go:38	mem info:{"total":8024186880,"available":2236743680,"used":4933246976,"usedPercent":61.47971189823536,"free":434106368,"active":1915002880,"inactive":5168893952,"wired":0,"laundry":0,"buffers":103800832,"cached":2553032704,"writeback":0,"dirty":647168,"writebacktmp":0,"shared":730484736,"slab":194465792,"sreclaimable":110886912,"sunreclaim":83578880,"pagetables":50503680,"swapcached":552960,"commitlimit":13461016576,"committedas":14309523456,"hightotal":0,"highfree":0,"lowtotal":0,"lowfree":0,"swaptotal":9448923136,"swapfree":9432408064,"mapped":1081008128,"vmalloctotal":35184372087808,"vmallocused":46845952,"vmallocchunk":0,"hugepagestotal":0,"hugepagesfree":0,"hugepagesize":2097152}
2021/06/24 00:00:06.006	[34mINFO[0m	task/hostMonitor.go:44	host info:{"hostname":"X240-Manjaro","uptime":4922,"bootTime":1624459084,"procs":226,"os":"linux","platform":"arch","platformFamily":"arch","platformVersion":"21.0.7","kernelVersion":"5.9.16-1-MANJARO","kernelArch":"x86_64","virtualizationSystem":"kvm","virtualizationRole":"host","hostid":"2324ca3b-fc01-4f61-a585-a7d74836a3ec"} uptime:4922 boottime:1624459084
2021/06/24 00:00:06.006	[34mINFO[0m	task/hostMonitor.go:55	part:{"device":"proc","mountpoint":"/proc","fstype":"proc","opts":"rw,nosuid,nodev,noexec,relatime"}

2021/06/24 00:00:06.006	[34mINFO[0m	task/hostMonitor.go:57	disk info:used:0 free:0
2021/06/24 00:00:06.006	[34mINFO[0m	task/hostMonitor.go:55	part:{"device":"sys","mountpoint":"/sys","fstype":"sysfs","opts":"rw,nosuid,nodev,noexec,relatime"}

2021/06/24 00:00:06.006	[34mINFO[0m	task/hostMonitor.go:57	disk info:used:0 free:0
2021/06/24 00:00:06.006	[34mINFO[0m	task/hostMonitor.go:55	part:{"device":"dev","mountpoint":"/dev","fstype":"devtmpfs","opts":"rw,nosuid,relatime"}

2021/06/24 00:00:06.006	[34mINFO[0m	task/hostMonitor.go:57	disk info:used:0 free:4002603008
2021/06/24 00:00:06.006	[34mINFO[0m	task/hostMonitor.go:55	part:{"device":"run","mountpoint":"/run","fstype":"tmpfs","opts":"rw,nosuid,nodev,relatime"}

2021/06/24 00:00:06.006	[34mINFO[0m	task/hostMonitor.go:57	disk info:used:0.03899889230894882 free:4010528768
2021/06/24 00:00:06.006	[34mINFO[0m	task/hostMonitor.go:55	part:{"device":"/dev/sdb1","mountpoint":"/","fstype":"ext4","opts":"rw,noatime"}

2021/06/24 00:00:06.006	[34mINFO[0m	task/hostMonitor.go:57	disk info:used:19.303553160074895 free:88959602688
2021/06/24 00:00:06.006	[34mINFO[0m	task/hostMonitor.go:55	part:{"device":"securityfs","mountpoint":"/sys/kernel/security","fstype":"securityfs","opts":"rw,nosuid,nodev,noexec,relatime"}

2021/06/24 00:00:06.006	[34mINFO[0m	task/hostMonitor.go:57	disk info:used:0 free:0
2021/06/24 00:00:06.006	[34mINFO[0m	task/hostMonitor.go:55	part:{"device":"tmpfs","mountpoint":"/dev/shm","fstype":"tmpfs","opts":"rw,nosuid,nodev"}

2021/06/24 00:00:06.006	[34mINFO[0m	task/hostMonitor.go:57	disk info:used:0.9097359407461857 free:3975593984
2021/06/24 00:00:06.006	[34mINFO[0m	task/hostMonitor.go:55	part:{"device":"devpts","mountpoint":"/dev/pts","fstype":"devpts","opts":"rw,nosuid,noexec,relatime"}

2021/06/24 00:00:06.006	[34mINFO[0m	task/hostMonitor.go:57	disk info:used:0 free:0
2021/06/24 00:00:06.006	[34mINFO[0m	task/hostMonitor.go:55	part:{"device":"cgroup2","mountpoint":"/sys/fs/cgroup","fstype":"cgroup2","opts":"rw,nosuid,nodev,noexec,relatime"}

2021/06/24 00:00:06.006	[34mINFO[0m	task/hostMonitor.go:57	disk info:used:0 free:0
2021/06/24 00:00:06.006	[34mINFO[0m	task/hostMonitor.go:55	part:{"device":"pstore","mountpoint":"/sys/fs/pstore","fstype":"pstore","opts":"rw,nosuid,nodev,noexec,relatime"}

2021/06/24 00:00:06.006	[34mINFO[0m	task/hostMonitor.go:57	disk info:used:0 free:0
2021/06/24 00:00:06.006	[34mINFO[0m	task/hostMonitor.go:55	part:{"device":"none","mountpoint":"/sys/fs/bpf","fstype":"bpf","opts":"rw,nosuid,nodev,noexec,relatime"}

2021/06/24 00:00:06.006	[34mINFO[0m	task/hostMonitor.go:57	disk info:used:0 free:0
2021/06/24 00:00:06.006	[34mINFO[0m	task/hostMonitor.go:55	part:{"device":"systemd-1","mountpoint":"/proc/sys/fs/binfmt_misc","fstype":"autofs","opts":"rw,relatime"}

2021/06/24 00:00:06.006	[34mINFO[0m	task/hostMonitor.go:57	disk info:used:0 free:0
2021/06/24 00:00:06.006	[34mINFO[0m	task/hostMonitor.go:55	part:{"device":"hugetlbfs","mountpoint":"/dev/hugepages","fstype":"hugetlbfs","opts":"rw,relatime"}

2021/06/24 00:00:06.006	[34mINFO[0m	task/hostMonitor.go:57	disk info:used:0 free:0
2021/06/24 00:00:06.006	[34mINFO[0m	task/hostMonitor.go:55	part:{"device":"mqueue","mountpoint":"/dev/mqueue","fstype":"mqueue","opts":"rw,nosuid,nodev,noexec,relatime"}

2021/06/24 00:00:06.006	[34mINFO[0m	task/hostMonitor.go:57	disk info:used:0 free:0
2021/06/24 00:00:06.006	[34mINFO[0m	task/hostMonitor.go:55	part:{"device":"debugfs","mountpoint":"/sys/kernel/debug","fstype":"debugfs","opts":"rw,nosuid,nodev,noexec,relatime"}

2021/06/24 00:00:06.006	[34mINFO[0m	task/hostMonitor.go:57	disk info:used:0 free:0
2021/06/24 00:00:06.006	[34mINFO[0m	task/hostMonitor.go:55	part:{"device":"tracefs","mountpoint":"/sys/kernel/tracing","fstype":"tracefs","opts":"rw,nosuid,nodev,noexec,relatime"}

2021/06/24 00:00:06.006	[34mINFO[0m	task/hostMonitor.go:57	disk info:used:0 free:0
2021/06/24 00:00:06.006	[34mINFO[0m	task/hostMonitor.go:55	part:{"device":"binfmt_misc","mountpoint":"/proc/sys/fs/binfmt_misc","fstype":"binfmt_misc","opts":"rw,nosuid,nodev,noexec,relatime"}

2021/06/24 00:00:06.006	[34mINFO[0m	task/hostMonitor.go:57	disk info:used:0 free:0
2021/06/24 00:00:06.006	[34mINFO[0m	task/hostMonitor.go:55	part:{"device":"fusectl","mountpoint":"/sys/fs/fuse/connections","fstype":"fusectl","opts":"rw,nosuid,nodev,noexec,relatime"}

2021/06/24 00:00:06.006	[34mINFO[0m	task/hostMonitor.go:57	disk info:used:0 free:0
2021/06/24 00:00:06.006	[34mINFO[0m	task/hostMonitor.go:55	part:{"device":"configfs","mountpoint":"/sys/kernel/config","fstype":"configfs","opts":"rw,nosuid,nodev,noexec,relatime"}

2021/06/24 00:00:06.006	[34mINFO[0m	task/hostMonitor.go:57	disk info:used:0 free:0
2021/06/24 00:00:06.006	[34mINFO[0m	task/hostMonitor.go:55	part:{"device":"tmpfs","mountpoint":"/tmp","fstype":"tmpfs","opts":"rw,noatime"}

2021/06/24 00:00:06.006	[34mINFO[0m	task/hostMonitor.go:57	disk info:used:3.041607326074639 free:3890061312
2021/06/24 00:00:06.006	[34mINFO[0m	task/hostMonitor.go:55	part:{"device":"/dev/sda1","mountpoint":"/home/zongwei/data","fstype":"fuseblk","opts":"rw,nosuid,nodev,noatime"}

2021/06/24 00:00:06.006	[34mINFO[0m	task/hostMonitor.go:57	disk info:used:41.35102977275284 free:146656505856
2021/06/24 00:00:06.006	[34mINFO[0m	task/hostMonitor.go:55	part:{"device":"tmpfs","mountpoint":"/run/user/1000","fstype":"tmpfs","opts":"rw,nosuid,nodev,relatime"}

2021/06/24 00:00:06.006	[34mINFO[0m	task/hostMonitor.go:57	disk info:used:0.010209134112290267 free:802336768
2021/06/24 00:00:06.006	[34mINFO[0m	task/hostMonitor.go:55	part:{"device":"gvfsd-fuse","mountpoint":"/run/user/1000/gvfs","fstype":"fuse.gvfsd-fuse","opts":"rw,nosuid,nodev,relatime"}

2021/06/24 00:00:06.006	[34mINFO[0m	task/hostMonitor.go:57	disk info:used:0 free:0
2021/06/24 00:00:06.006	[34mINFO[0m	task/hostMonitor.go:55	part:{"device":"overlay","mountpoint":"/var/lib/docker/overlay2/3c76e084bbb96cdcdc9fd9577315146394808b028255ccaf6b87d74d0eb0c12d/merged","fstype":"overlay","opts":"rw,relatime"}

2021/06/24 00:00:06.006	[34mINFO[0m	task/hostMonitor.go:57	disk info:used:19.303560591147793 free:88959594496
2021/06/24 00:00:06.006	[34mINFO[0m	task/hostMonitor.go:55	part:{"device":"nsfs","mountpoint":"/run/docker/netns/eb7a31c2991c","fstype":"nsfs","opts":"bind,rw"}

2021/06/24 00:00:42.006	[34mINFO[0m	task/task.go:9	åˆå§‹åŒ–å®šæ—¶ä»»åŠ¡
2021/06/24 00:01:42.006	[35mDEBUG[0m	task/task.go:16	====================>>>>
2021/06/24 00:01:42.006	[34mINFO[0m	task/hostMonitor.go:22	{"cpu":0,"vendorId":"GenuineIntel","family":"6","model":"69","stepping":1,"physicalId":"0","coreId":"0","cores":1,"modelName":"Intel(R) Core(TM) i5-4210U CPU @ 1.70GHz","mhz":2700,"cacheSize":3072,"flags":["fpu","vme","de","pse","tsc","msr","pae","mce","cx8","apic","sep","mtrr","pge","mca","cmov","pat","pse36","clflush","dts","acpi","mmx","fxsr","sse","sse2","ss","ht","tm","pbe","syscall","nx","pdpe1gb","rdtscp","lm","constant_tsc","arch_perfmon","pebs","bts","rep_good","nopl","xtopology","nonstop_tsc","cpuid","aperfmperf","pni","pclmulqdq","dtes64","monitor","ds_cpl","vmx","est","tm2","ssse3","sdbg","fma","cx16","xtpr","pdcm","pcid","sse4_1","sse4_2","movbe","popcnt","tsc_deadline_timer","xsave","avx","f16c","rdrand","lahf_lm","abm","cpuid_fault","epb","invpcid_single","pti","ssbd","ibrs","ibpb","stibp","tpr_shadow","vnmi","flexpriority","ept","vpid","ept_ad","fsgsbase","tsc_adjust","bmi1","avx2","smep","bmi2","erms","invpcid","xsaveopt","dtherm","ida","arat","pln","pts","md_clear","flush_l1d"],"microcode":"0x26"}
2021/06/24 00:01:42.006	[34mINFO[0m	task/hostMonitor.go:22	{"cpu":1,"vendorId":"GenuineIntel","family":"6","model":"69","stepping":1,"physicalId":"0","coreId":"0","cores":1,"modelName":"Intel(R) Core(TM) i5-4210U CPU @ 1.70GHz","mhz":2700,"cacheSize":3072,"flags":["fpu","vme","de","pse","tsc","msr","pae","mce","cx8","apic","sep","mtrr","pge","mca","cmov","pat","pse36","clflush","dts","acpi","mmx","fxsr","sse","sse2","ss","ht","tm","pbe","syscall","nx","pdpe1gb","rdtscp","lm","constant_tsc","arch_perfmon","pebs","bts","rep_good","nopl","xtopology","nonstop_tsc","cpuid","aperfmperf","pni","pclmulqdq","dtes64","monitor","ds_cpl","vmx","est","tm2","ssse3","sdbg","fma","cx16","xtpr","pdcm","pcid","sse4_1","sse4_2","movbe","popcnt","tsc_deadline_timer","xsave","avx","f16c","rdrand","lahf_lm","abm","cpuid_fault","epb","invpcid_single","pti","ssbd","ibrs","ibpb","stibp","tpr_shadow","vnmi","flexpriority","ept","vpid","ept_ad","fsgsbase","tsc_adjust","bmi1","avx2","smep","bmi2","erms","invpcid","xsaveopt","dtherm","ida","arat","pln","pts","md_clear","flush_l1d"],"microcode":"0x26"}
2021/06/24 00:01:42.006	[34mINFO[0m	task/hostMonitor.go:22	{"cpu":2,"vendorId":"GenuineIntel","family":"6","model":"69","stepping":1,"physicalId":"0","coreId":"1","cores":1,"modelName":"Intel(R) Core(TM) i5-4210U CPU @ 1.70GHz","mhz":2700,"cacheSize":3072,"flags":["fpu","vme","de","pse","tsc","msr","pae","mce","cx8","apic","sep","mtrr","pge","mca","cmov","pat","pse36","clflush","dts","acpi","mmx","fxsr","sse","sse2","ss","ht","tm","pbe","syscall","nx","pdpe1gb","rdtscp","lm","constant_tsc","arch_perfmon","pebs","bts","rep_good","nopl","xtopology","nonstop_tsc","cpuid","aperfmperf","pni","pclmulqdq","dtes64","monitor","ds_cpl","vmx","est","tm2","ssse3","sdbg","fma","cx16","xtpr","pdcm","pcid","sse4_1","sse4_2","movbe","popcnt","tsc_deadline_timer","xsave","avx","f16c","rdrand","lahf_lm","abm","cpuid_fault","epb","invpcid_single","pti","ssbd","ibrs","ibpb","stibp","tpr_shadow","vnmi","flexpriority","ept","vpid","ept_ad","fsgsbase","tsc_adjust","bmi1","avx2","smep","bmi2","erms","invpcid","xsaveopt","dtherm","ida","arat","pln","pts","md_clear","flush_l1d"],"microcode":"0x26"}
2021/06/24 00:01:42.006	[34mINFO[0m	task/hostMonitor.go:22	{"cpu":3,"vendorId":"GenuineIntel","family":"6","model":"69","stepping":1,"physicalId":"0","coreId":"1","cores":1,"modelName":"Intel(R) Core(TM) i5-4210U CPU @ 1.70GHz","mhz":2700,"cacheSize":3072,"flags":["fpu","vme","de","pse","tsc","msr","pae","mce","cx8","apic","sep","mtrr","pge","mca","cmov","pat","pse36","clflush","dts","acpi","mmx","fxsr","sse","sse2","ss","ht","tm","pbe","syscall","nx","pdpe1gb","rdtscp","lm","constant_tsc","arch_perfmon","pebs","bts","rep_good","nopl","xtopology","nonstop_tsc","cpuid","aperfmperf","pni","pclmulqdq","dtes64","monitor","ds_cpl","vmx","est","tm2","ssse3","sdbg","fma","cx16","xtpr","pdcm","pcid","sse4_1","sse4_2","movbe","popcnt","tsc_deadline_timer","xsave","avx","f16c","rdrand","lahf_lm","abm","cpuid_fault","epb","invpcid_single","pti","ssbd","ibrs","ibpb","stibp","tpr_shadow","vnmi","flexpriority","ept","vpid","ept_ad","fsgsbase","tsc_adjust","bmi1","avx2","smep","bmi2","erms","invpcid","xsaveopt","dtherm","ida","arat","pln","pts","md_clear","flush_l1d"],"microcode":"0x26"}
2021/06/24 00:01:43.006	[34mINFO[0m	task/hostMonitor.go:26	cpu percent:[9.367088607590448]
2021/06/24 00:01:43.006	[34mINFO[0m	task/hostMonitor.go:32	CPU load:{"load1":1.12,"load5":1.73,"load15":1.62}
2021/06/24 00:01:43.006	[34mINFO[0m	task/hostMonitor.go:38	mem info:{"total":8024186880,"available":2425442304,"used":4736831488,"usedPercent":59.03191885780208,"free":369496064,"active":1857843200,"inactive":5313622016,"wired":0,"laundry":0,"buffers":115298304,"cached":2802561024,"writeback":0,"dirty":561152,"writebacktmp":0,"shared":754159616,"slab":227385344,"sreclaimable":143040512,"sunreclaim":84344832,"pagetables":51699712,"swapcached":647168,"commitlimit":13461016576,"committedas":14506258432,"hightotal":0,"highfree":0,"lowtotal":0,"lowfree":0,"swaptotal":9448923136,"swapfree":9430048768,"mapped":1074135040,"vmalloctotal":35184372087808,"vmallocused":47255552,"vmallocchunk":0,"hugepagestotal":0,"hugepagesfree":0,"hugepagesize":2097152}
2021/06/24 00:01:43.006	[34mINFO[0m	task/hostMonitor.go:44	host info:{"hostname":"X240-Manjaro","uptime":5020,"bootTime":1624459084,"procs":230,"os":"linux","platform":"arch","platformFamily":"arch","platformVersion":"21.0.7","kernelVersion":"5.9.16-1-MANJARO","kernelArch":"x86_64","virtualizationSystem":"kvm","virtualizationRole":"host","hostid":"2324ca3b-fc01-4f61-a585-a7d74836a3ec"} uptime:5020 boottime:1624459084
2021/06/24 00:01:43.006	[34mINFO[0m	task/hostMonitor.go:55	part:{"device":"proc","mountpoint":"/proc","fstype":"proc","opts":"rw,nosuid,nodev,noexec,relatime"}

2021/06/24 00:01:43.006	[34mINFO[0m	task/hostMonitor.go:57	disk info:used:0 free:0
2021/06/24 00:01:43.006	[34mINFO[0m	task/hostMonitor.go:55	part:{"device":"sys","mountpoint":"/sys","fstype":"sysfs","opts":"rw,nosuid,nodev,noexec,relatime"}

2021/06/24 00:01:43.006	[34mINFO[0m	task/hostMonitor.go:57	disk info:used:0 free:0
2021/06/24 00:01:43.006	[34mINFO[0m	task/hostMonitor.go:55	part:{"device":"dev","mountpoint":"/dev","fstype":"devtmpfs","opts":"rw,nosuid,relatime"}

2021/06/24 00:01:43.006	[34mINFO[0m	task/hostMonitor.go:57	disk info:used:0 free:4002603008
2021/06/24 00:01:43.006	[34mINFO[0m	task/hostMonitor.go:55	part:{"device":"run","mountpoint":"/run","fstype":"tmpfs","opts":"rw,nosuid,nodev,relatime"}

2021/06/24 00:01:43.006	[34mINFO[0m	task/hostMonitor.go:57	disk info:used:0.039100983650071724 free:4010524672
2021/06/24 00:01:43.006	[34mINFO[0m	task/hostMonitor.go:55	part:{"device":"/dev/sdb1","mountpoint":"/","fstype":"ext4","opts":"rw,noatime"}

2021/06/24 00:01:43.006	[34mINFO[0m	task/hostMonitor.go:57	disk info:used:19.303920998183326 free:88959197184
2021/06/24 00:01:43.006	[34mINFO[0m	task/hostMonitor.go:55	part:{"device":"securityfs","mountpoint":"/sys/kernel/security","fstype":"securityfs","opts":"rw,nosuid,nodev,noexec,relatime"}

2021/06/24 00:01:43.006	[34mINFO[0m	task/hostMonitor.go:57	disk info:used:0 free:0
2021/06/24 00:01:43.006	[34mINFO[0m	task/hostMonitor.go:55	part:{"device":"tmpfs","mountpoint":"/dev/shm","fstype":"tmpfs","opts":"rw,nosuid,nodev"}

2021/06/24 00:01:43.006	[34mINFO[0m	task/hostMonitor.go:57	disk info:used:0.8280628678478634 free:3978870784
2021/06/24 00:01:43.006	[34mINFO[0m	task/hostMonitor.go:55	part:{"device":"devpts","mountpoint":"/dev/pts","fstype":"devpts","opts":"rw,nosuid,noexec,relatime"}

2021/06/24 00:01:43.006	[34mINFO[0m	task/hostMonitor.go:57	disk info:used:0 free:0
2021/06/24 00:01:43.006	[34mINFO[0m	task/hostMonitor.go:55	part:{"device":"cgroup2","mountpoint":"/sys/fs/cgroup","fstype":"cgroup2","opts":"rw,nosuid,nodev,noexec,relatime"}

2021/06/24 00:01:43.006	[34mINFO[0m	task/hostMonitor.go:57	disk info:used:0 free:0
2021/06/24 00:01:43.006	[34mINFO[0m	task/hostMonitor.go:55	part:{"device":"pstore","mountpoint":"/sys/fs/pstore","fstype":"pstore","opts":"rw,nosuid,nodev,noexec,relatime"}

2021/06/24 00:01:43.006	[34mINFO[0m	task/hostMonitor.go:57	disk info:used:0 free:0
2021/06/24 00:01:43.006	[34mINFO[0m	task/hostMonitor.go:55	part:{"device":"none","mountpoint":"/sys/fs/bpf","fstype":"bpf","opts":"rw,nosuid,nodev,noexec,relatime"}

2021/06/24 00:01:43.006	[34mINFO[0m	task/hostMonitor.go:57	disk info:used:0 free:0
2021/06/24 00:01:43.006	[34mINFO[0m	task/hostMonitor.go:55	part:{"device":"systemd-1","mountpoint":"/proc/sys/fs/binfmt_misc","fstype":"autofs","opts":"rw,relatime"}

2021/06/24 00:01:43.006	[34mINFO[0m	task/hostMonitor.go:57	disk info:used:0 free:0
2021/06/24 00:01:43.006	[34mINFO[0m	task/hostMonitor.go:55	part:{"device":"hugetlbfs","mountpoint":"/dev/hugepages","fstype":"hugetlbfs","opts":"rw,relatime"}

2021/06/24 00:01:43.006	[34mINFO[0m	task/hostMonitor.go:57	disk info:used:0 free:0
2021/06/24 00:01:43.006	[34mINFO[0m	task/hostMonitor.go:55	part:{"device":"mqueue","mountpoint":"/dev/mqueue","fstype":"mqueue","opts":"rw,nosuid,nodev,noexec,relatime"}

2021/06/24 00:01:43.006	[34mINFO[0m	task/hostMonitor.go:57	disk info:used:0 free:0
2021/06/24 00:01:43.006	[34mINFO[0m	task/hostMonitor.go:55	part:{"device":"debugfs","mountpoint":"/sys/kernel/debug","fstype":"debugfs","opts":"rw,nosuid,nodev,noexec,relatime"}

2021/06/24 00:01:43.006	[34mINFO[0m	task/hostMonitor.go:57	disk info:used:0 free:0
2021/06/24 00:01:43.006	[34mINFO[0m	task/hostMonitor.go:55	part:{"device":"tracefs","mountpoint":"/sys/kernel/tracing","fstype":"tracefs","opts":"rw,nosuid,nodev,noexec,relatime"}

2021/06/24 00:01:43.006	[34mINFO[0m	task/hostMonitor.go:57	disk info:used:0 free:0
2021/06/24 00:01:43.006	[34mINFO[0m	task/hostMonitor.go:55	part:{"device":"binfmt_misc","mountpoint":"/proc/sys/fs/binfmt_misc","fstype":"binfmt_misc","opts":"rw,nosuid,nodev,noexec,relatime"}

2021/06/24 00:01:43.006	[34mINFO[0m	task/hostMonitor.go:57	disk info:used:0 free:0
2021/06/24 00:01:43.006	[34mINFO[0m	task/hostMonitor.go:55	part:{"device":"fusectl","mountpoint":"/sys/fs/fuse/connections","fstype":"fusectl","opts":"rw,nosuid,nodev,noexec,relatime"}

2021/06/24 00:01:43.006	[34mINFO[0m	task/hostMonitor.go:57	disk info:used:0 free:0
2021/06/24 00:01:43.006	[34mINFO[0m	task/hostMonitor.go:55	part:{"device":"configfs","mountpoint":"/sys/kernel/config","fstype":"configfs","opts":"rw,nosuid,nodev,noexec,relatime"}

2021/06/24 00:01:43.006	[34mINFO[0m	task/hostMonitor.go:57	disk info:used:0 free:0
2021/06/24 00:01:43.006	[34mINFO[0m	task/hostMonitor.go:55	part:{"device":"tmpfs","mountpoint":"/tmp","fstype":"tmpfs","opts":"rw,noatime"}

2021/06/24 00:01:43.006	[34mINFO[0m	task/hostMonitor.go:57	disk info:used:3.6538490987886862 free:3865497600
2021/06/24 00:01:43.006	[34mINFO[0m	task/hostMonitor.go:55	part:{"device":"/dev/sda1","mountpoint":"/home/zongwei/data","fstype":"fuseblk","opts":"rw,nosuid,nodev,noatime"}

2021/06/24 00:01:43.006	[34mINFO[0m	task/hostMonitor.go:57	disk info:used:41.35102977275284 free:146656505856
2021/06/24 00:01:43.006	[34mINFO[0m	task/hostMonitor.go:55	part:{"device":"tmpfs","mountpoint":"/run/user/1000","fstype":"tmpfs","opts":"rw,nosuid,nodev,relatime"}

2021/06/24 00:01:43.006	[34mINFO[0m	task/hostMonitor.go:57	disk info:used:0.010209134112290267 free:802336768
2021/06/24 00:01:43.006	[34mINFO[0m	task/hostMonitor.go:55	part:{"device":"gvfsd-fuse","mountpoint":"/run/user/1000/gvfs","fstype":"fuse.gvfsd-fuse","opts":"rw,nosuid,nodev,relatime"}

2021/06/24 00:01:43.006	[34mINFO[0m	task/hostMonitor.go:57	disk info:used:0 free:0
2021/06/24 00:01:43.006	[34mINFO[0m	task/hostMonitor.go:55	part:{"device":"overlay","mountpoint":"/var/lib/docker/overlay2/3c76e084bbb96cdcdc9fd9577315146394808b028255ccaf6b87d74d0eb0c12d/merged","fstype":"overlay","opts":"rw,relatime"}

2021/06/24 00:01:43.006	[34mINFO[0m	task/hostMonitor.go:57	disk info:used:19.303924713719773 free:88959193088
2021/06/24 00:01:43.006	[34mINFO[0m	task/hostMonitor.go:55	part:{"device":"nsfs","mountpoint":"/run/docker/netns/eb7a31c2991c","fstype":"nsfs","opts":"bind,rw"}

